<?xml version="1.0" encoding="UTF-8"?>
<!-- Generated by org.testng.reporters.JUnitReportReporter -->
<testsuite hostname="LAPTOP-GU5ACPCN" failures="0" tests="2" name="testdrivers.Callchrome" time="5.276" errors="1" timestamp="05 Jun 2020 08:48:26 GMT" skipped="1">
  <testcase classname="testdrivers.Callchrome" name="openApplication" time="0.000">
    <skipped/>
  </testcase> <!-- openApplication -->
  <testcase classname="testdrivers.Callchrome" name="configureBrowser" time="5.276">
    <error message="session not created: This version of ChromeDriver only supports Chrome version 80
Build info: version: &#039;3.141.59&#039;, revision: &#039;e82be7d358&#039;, time: &#039;2018-11-14T08:17:03&#039;
System info: host: &#039;LAPTOP-GU5ACPCN&#039;, ip: &#039;192.168.0.102&#039;, os.name: &#039;Windows 10&#039;, os.arch: &#039;amd64&#039;, os.version: &#039;10.0&#039;, java.version: &#039;13.0.2&#039;
Driver info: driver.version: ChromeDriver
remote stacktrace: Backtrace:
	Ordinal0 [0x010E0C83+1707139]
	Ordinal0 [0x010468F1+1075441]
	Ordinal0 [0x00FBDFC9+516041]
	Ordinal0 [0x00F50554+66900]
	Ordinal0 [0x00F4CCE2+52450]
	Ordinal0 [0x00F6BFD7+180183]
	Ordinal0 [0x00F6BDDD+179677]
	Ordinal0 [0x00F69D4B+171339]
	Ordinal0 [0x00F51D4A+73034]
	Ordinal0 [0x00F52DC0+77248]
	Ordinal0 [0x00F52D59+77145]
	Ordinal0 [0x0105BB67+1162087]
	GetHandleVerifier [0x0117A966+508998]
	GetHandleVerifier [0x0117A6A4+508292]
	GetHandleVerifier [0x0118F7B7+594583]
	GetHandleVerifier [0x0117B1D6+511158]
	Ordinal0 [0x0105402C+1130540]
	Ordinal0 [0x0105D4CB+1168587]
	Ordinal0 [0x0105D633+1168947]
	Ordinal0 [0x01075B35+1268533]
	BaseThreadInitThunk [0x75066359+25]
	RtlGetAppContainerNamedObjectPath [0x778C7C24+228]
	RtlGetAppContainerNamedObjectPath [0x778C7BF4+180]
" type="org.openqa.selenium.SessionNotCreatedException">
      <![CDATA[org.openqa.selenium.SessionNotCreatedException: session not created: This version of ChromeDriver only supports Chrome version 80
Build info: version: '3.141.59', revision: 'e82be7d358', time: '2018-11-14T08:17:03'
System info: host: 'LAPTOP-GU5ACPCN', ip: '192.168.0.102', os.name: 'Windows 10', os.arch: 'amd64', os.version: '10.0', java.version: '13.0.2'
Driver info: driver.version: ChromeDriver
remote stacktrace: Backtrace:
Ordinal0 [0x010E0C83+1707139]
Ordinal0 [0x010468F1+1075441]
Ordinal0 [0x00FBDFC9+516041]
Ordinal0 [0x00F50554+66900]
Ordinal0 [0x00F4CCE2+52450]
Ordinal0 [0x00F6BFD7+180183]
Ordinal0 [0x00F6BDDD+179677]
Ordinal0 [0x00F69D4B+171339]
Ordinal0 [0x00F51D4A+73034]
Ordinal0 [0x00F52DC0+77248]
Ordinal0 [0x00F52D59+77145]
Ordinal0 [0x0105BB67+1162087]
GetHandleVerifier [0x0117A966+508998]
GetHandleVerifier [0x0117A6A4+508292]
GetHandleVerifier [0x0118F7B7+594583]
GetHandleVerifier [0x0117B1D6+511158]
Ordinal0 [0x0105402C+1130540]
Ordinal0 [0x0105D4CB+1168587]
Ordinal0 [0x0105D633+1168947]
Ordinal0 [0x01075B35+1268533]
BaseThreadInitThunk [0x75066359+25]
RtlGetAppContainerNamedObjectPath [0x778C7C24+228]
RtlGetAppContainerNamedObjectPath [0x778C7BF4+180]

at java.base/jdk.internal.reflect.NativeConstructorAccessorImpl.newInstance0(Native Method)
at java.base/jdk.internal.reflect.NativeConstructorAccessorImpl.newInstance(NativeConstructorAccessorImpl.java:62)
at java.base/jdk.internal.reflect.DelegatingConstructorAccessorImpl.newInstance(DelegatingConstructorAccessorImpl.java:45)
at java.base/java.lang.reflect.Constructor.newInstanceWithCaller(Constructor.java:500)
at java.base/java.lang.reflect.Constructor.newInstance(Constructor.java:481)
at org.openqa.selenium.remote.W3CHandshakeResponse.lambda$errorHandler$0(W3CHandshakeResponse.java:62)
at org.openqa.selenium.remote.HandshakeResponse.lambda$getResponseFunction$0(HandshakeResponse.java:30)
at org.openqa.selenium.remote.ProtocolHandshake.lambda$createSession$0(ProtocolHandshake.java:126)
at java.base/java.util.stream.ReferencePipeline$3$1.accept(ReferencePipeline.java:195)
at java.base/java.util.Spliterators$ArraySpliterator.tryAdvance(Spliterators.java:958)
at java.base/java.util.stream.ReferencePipeline.forEachWithCancel(ReferencePipeline.java:127)
at java.base/java.util.stream.AbstractPipeline.copyIntoWithCancel(AbstractPipeline.java:502)
at java.base/java.util.stream.AbstractPipeline.copyInto(AbstractPipeline.java:488)
at java.base/java.util.stream.AbstractPipeline.wrapAndCopyInto(AbstractPipeline.java:474)
at java.base/java.util.stream.FindOps$FindOp.evaluateSequential(FindOps.java:150)
at java.base/java.util.stream.AbstractPipeline.evaluate(AbstractPipeline.java:234)
at java.base/java.util.stream.ReferencePipeline.findFirst(ReferencePipeline.java:543)
at org.openqa.selenium.remote.ProtocolHandshake.createSession(ProtocolHandshake.java:128)
at org.openqa.selenium.remote.ProtocolHandshake.createSession(ProtocolHandshake.java:74)
at org.openqa.selenium.remote.HttpCommandExecutor.execute(HttpCommandExecutor.java:136)
at org.openqa.selenium.remote.service.DriverCommandExecutor.execute(DriverCommandExecutor.java:83)
at org.openqa.selenium.remote.RemoteWebDriver.execute(RemoteWebDriver.java:552)
at org.openqa.selenium.remote.RemoteWebDriver.startSession(RemoteWebDriver.java:213)
at org.openqa.selenium.remote.RemoteWebDriver.<init>(RemoteWebDriver.java:131)
at org.openqa.selenium.chrome.ChromeDriver.<init>(ChromeDriver.java:181)
at org.openqa.selenium.chrome.ChromeDriver.<init>(ChromeDriver.java:168)
at org.openqa.selenium.chrome.ChromeDriver.<init>(ChromeDriver.java:123)
at util.Utility.getDriver(Utility.java:14)
at testdrivers.Callchrome.configureBrowser(Callchrome.java:16)
at java.base/jdk.internal.reflect.NativeMethodAccessorImpl.invoke0(Native Method)
at java.base/jdk.internal.reflect.NativeMethodAccessorImpl.invoke(NativeMethodAccessorImpl.java:62)
at java.base/jdk.internal.reflect.DelegatingMethodAccessorImpl.invoke(DelegatingMethodAccessorImpl.java:43)
at java.base/java.lang.reflect.Method.invoke(Method.java:567)
at org.testng.internal.MethodInvocationHelper.invokeMethod(MethodInvocationHelper.java:124)
at org.testng.internal.MethodInvocationHelper.invokeMethodConsideringTimeout(MethodInvocationHelper.java:59)
at org.testng.internal.Invoker.invokeConfigurationMethod(Invoker.java:458)
at org.testng.internal.Invoker.invokeConfigurations(Invoker.java:222)
at org.testng.internal.Invoker.invokeConfigurations(Invoker.java:142)
at org.testng.TestRunner.beforeRun(TestRunner.java:529)
at org.testng.TestRunner.run(TestRunner.java:497)
at org.testng.SuiteRunner.runTest(SuiteRunner.java:455)
at org.testng.SuiteRunner.runSequentially(SuiteRunner.java:450)
at org.testng.SuiteRunner.privateRun(SuiteRunner.java:415)
at org.testng.SuiteRunner.run(SuiteRunner.java:364)
at org.testng.SuiteRunnerWorker.runSuite(SuiteRunnerWorker.java:52)
at org.testng.SuiteRunnerWorker.run(SuiteRunnerWorker.java:84)
at org.testng.TestNG.runSuitesSequentially(TestNG.java:1208)
at org.testng.TestNG.runSuitesLocally(TestNG.java:1137)
at org.testng.TestNG.runSuites(TestNG.java:1049)
at org.testng.TestNG.run(TestNG.java:1017)
at org.testng.remote.AbstractRemoteTestNG.run(AbstractRemoteTestNG.java:115)
at org.testng.remote.RemoteTestNG.initAndRun(RemoteTestNG.java:251)
at org.testng.remote.RemoteTestNG.main(RemoteTestNG.java:77)
]]>
    </error>
  </testcase> <!-- configureBrowser -->
</testsuite> <!-- testdrivers.Callchrome -->
